INFO:root:Connection to db successful
DEBUG:urllib3.connectionpool:Starting new HTTP connection (1): dev.virtualearth.net:80
DEBUG:urllib3.connectionpool:http://dev.virtualearth.net:80 "GET /REST/v1/Locations?q=Denver&o=json&inclnb=1&key=xUBhOh74QkgPNlf6lC97~bvDde5sihSdE87MsCCDcjQ~AlwsrntknIdP0Z_oHgN_oSqy0GiJvz1QlahyjVDjWdlG0zFudMXMPcSpWm5LOJ0O&maxResults=1 HTTP/1.1" 200 None
INFO:geocoder.base:Requested http://dev.virtualearth.net/REST/v1/Locations?q=Denver&o=json&inclnb=1&key=xUBhOh74QkgPNlf6lC97~bvDde5sihSdE87MsCCDcjQ~AlwsrntknIdP0Z_oHgN_oSqy0GiJvz1QlahyjVDjWdlG0zFudMXMPcSpWm5LOJ0O&maxResults=1
INFO:root:Connection to db successful
DEBUG:urllib3.connectionpool:Starting new HTTP connection (1): dev.virtualearth.net:80
DEBUG:urllib3.connectionpool:http://dev.virtualearth.net:80 "GET /REST/v1/Locations?q=Denver&o=json&inclnb=1&key=xUBhOh74QkgPNlf6lC97~bvDde5sihSdE87MsCCDcjQ~AlwsrntknIdP0Z_oHgN_oSqy0GiJvz1QlahyjVDjWdlG0zFudMXMPcSpWm5LOJ0O&maxResults=1 HTTP/1.1" 200 None
INFO:geocoder.base:Requested http://dev.virtualearth.net/REST/v1/Locations?q=Denver&o=json&inclnb=1&key=xUBhOh74QkgPNlf6lC97~bvDde5sihSdE87MsCCDcjQ~AlwsrntknIdP0Z_oHgN_oSqy0GiJvz1QlahyjVDjWdlG0zFudMXMPcSpWm5LOJ0O&maxResults=1
INFO:root:Connection to db successful
DEBUG:urllib3.connectionpool:Starting new HTTP connection (1): dev.virtualearth.net:80
DEBUG:urllib3.connectionpool:http://dev.virtualearth.net:80 "GET /REST/v1/Locations?q=Seattle&o=json&inclnb=1&key=xUBhOh74QkgPNlf6lC97~bvDde5sihSdE87MsCCDcjQ~AlwsrntknIdP0Z_oHgN_oSqy0GiJvz1QlahyjVDjWdlG0zFudMXMPcSpWm5LOJ0O&maxResults=1 HTTP/1.1" 200 None
INFO:geocoder.base:Requested http://dev.virtualearth.net/REST/v1/Locations?q=Seattle&o=json&inclnb=1&key=xUBhOh74QkgPNlf6lC97~bvDde5sihSdE87MsCCDcjQ~AlwsrntknIdP0Z_oHgN_oSqy0GiJvz1QlahyjVDjWdlG0zFudMXMPcSpWm5LOJ0O&maxResults=1
INFO:root:Connection to db successful
DEBUG:urllib3.connectionpool:Starting new HTTP connection (1): dev.virtualearth.net:80
DEBUG:urllib3.connectionpool:http://dev.virtualearth.net:80 "GET /REST/v1/Locations?q=Seattle&o=json&inclnb=1&key=xUBhOh74QkgPNlf6lC97~bvDde5sihSdE87MsCCDcjQ~AlwsrntknIdP0Z_oHgN_oSqy0GiJvz1QlahyjVDjWdlG0zFudMXMPcSpWm5LOJ0O&maxResults=1 HTTP/1.1" 200 None
INFO:geocoder.base:Requested http://dev.virtualearth.net/REST/v1/Locations?q=Seattle&o=json&inclnb=1&key=xUBhOh74QkgPNlf6lC97~bvDde5sihSdE87MsCCDcjQ~AlwsrntknIdP0Z_oHgN_oSqy0GiJvz1QlahyjVDjWdlG0zFudMXMPcSpWm5LOJ0O&maxResults=1
DEBUG:urllib3.connectionpool:Starting new HTTP connection (1): dev.virtualearth.net:80
DEBUG:urllib3.connectionpool:http://dev.virtualearth.net:80 "GET /REST/v1/Locations?q=Seattle&o=json&inclnb=1&key=xUBhOh74QkgPNlf6lC97~bvDde5sihSdE87MsCCDcjQ~AlwsrntknIdP0Z_oHgN_oSqy0GiJvz1QlahyjVDjWdlG0zFudMXMPcSpWm5LOJ0O&maxResults=1 HTTP/1.1" 200 None
INFO:geocoder.base:Requested http://dev.virtualearth.net/REST/v1/Locations?q=Seattle&o=json&inclnb=1&key=xUBhOh74QkgPNlf6lC97~bvDde5sihSdE87MsCCDcjQ~AlwsrntknIdP0Z_oHgN_oSqy0GiJvz1QlahyjVDjWdlG0zFudMXMPcSpWm5LOJ0O&maxResults=1
DEBUG:urllib3.connectionpool:Starting new HTTP connection (1): dev.virtualearth.net:80
DEBUG:urllib3.connectionpool:http://dev.virtualearth.net:80 "GET /REST/v1/Locations?q=Seattle&o=json&inclnb=1&key=xUBhOh74QkgPNlf6lC97~bvDde5sihSdE87MsCCDcjQ~AlwsrntknIdP0Z_oHgN_oSqy0GiJvz1QlahyjVDjWdlG0zFudMXMPcSpWm5LOJ0O&maxResults=1 HTTP/1.1" 200 None
INFO:geocoder.base:Requested http://dev.virtualearth.net/REST/v1/Locations?q=Seattle&o=json&inclnb=1&key=xUBhOh74QkgPNlf6lC97~bvDde5sihSdE87MsCCDcjQ~AlwsrntknIdP0Z_oHgN_oSqy0GiJvz1QlahyjVDjWdlG0zFudMXMPcSpWm5LOJ0O&maxResults=1
DEBUG:urllib3.connectionpool:Starting new HTTP connection (1): dev.virtualearth.net:80
DEBUG:urllib3.connectionpool:http://dev.virtualearth.net:80 "GET /REST/v1/Locations?q=Seattle&o=json&inclnb=1&key=xUBhOh74QkgPNlf6lC97~bvDde5sihSdE87MsCCDcjQ~AlwsrntknIdP0Z_oHgN_oSqy0GiJvz1QlahyjVDjWdlG0zFudMXMPcSpWm5LOJ0O&maxResults=1 HTTP/1.1" 200 None
INFO:geocoder.base:Requested http://dev.virtualearth.net/REST/v1/Locations?q=Seattle&o=json&inclnb=1&key=xUBhOh74QkgPNlf6lC97~bvDde5sihSdE87MsCCDcjQ~AlwsrntknIdP0Z_oHgN_oSqy0GiJvz1QlahyjVDjWdlG0zFudMXMPcSpWm5LOJ0O&maxResults=1
DEBUG:urllib3.connectionpool:Starting new HTTP connection (1): dev.virtualearth.net:80
DEBUG:urllib3.connectionpool:http://dev.virtualearth.net:80 "GET /REST/v1/Locations?q=Seattle&o=json&inclnb=1&key=xUBhOh74QkgPNlf6lC97~bvDde5sihSdE87MsCCDcjQ~AlwsrntknIdP0Z_oHgN_oSqy0GiJvz1QlahyjVDjWdlG0zFudMXMPcSpWm5LOJ0O&maxResults=1 HTTP/1.1" 200 None
INFO:geocoder.base:Requested http://dev.virtualearth.net/REST/v1/Locations?q=Seattle&o=json&inclnb=1&key=xUBhOh74QkgPNlf6lC97~bvDde5sihSdE87MsCCDcjQ~AlwsrntknIdP0Z_oHgN_oSqy0GiJvz1QlahyjVDjWdlG0zFudMXMPcSpWm5LOJ0O&maxResults=1
DEBUG:urllib3.connectionpool:Starting new HTTP connection (1): dev.virtualearth.net:80
DEBUG:urllib3.connectionpool:http://dev.virtualearth.net:80 "GET /REST/v1/Locations?q=Seattle&o=json&inclnb=1&key=xUBhOh74QkgPNlf6lC97~bvDde5sihSdE87MsCCDcjQ~AlwsrntknIdP0Z_oHgN_oSqy0GiJvz1QlahyjVDjWdlG0zFudMXMPcSpWm5LOJ0O&maxResults=1 HTTP/1.1" 200 None
INFO:geocoder.base:Requested http://dev.virtualearth.net/REST/v1/Locations?q=Seattle&o=json&inclnb=1&key=xUBhOh74QkgPNlf6lC97~bvDde5sihSdE87MsCCDcjQ~AlwsrntknIdP0Z_oHgN_oSqy0GiJvz1QlahyjVDjWdlG0zFudMXMPcSpWm5LOJ0O&maxResults=1
DEBUG:urllib3.connectionpool:Starting new HTTP connection (1): dev.virtualearth.net:80
DEBUG:urllib3.connectionpool:http://dev.virtualearth.net:80 "GET /REST/v1/Locations?q=Seattle&o=json&inclnb=1&key=xUBhOh74QkgPNlf6lC97~bvDde5sihSdE87MsCCDcjQ~AlwsrntknIdP0Z_oHgN_oSqy0GiJvz1QlahyjVDjWdlG0zFudMXMPcSpWm5LOJ0O&maxResults=1 HTTP/1.1" 200 None
INFO:geocoder.base:Requested http://dev.virtualearth.net/REST/v1/Locations?q=Seattle&o=json&inclnb=1&key=xUBhOh74QkgPNlf6lC97~bvDde5sihSdE87MsCCDcjQ~AlwsrntknIdP0Z_oHgN_oSqy0GiJvz1QlahyjVDjWdlG0zFudMXMPcSpWm5LOJ0O&maxResults=1
DEBUG:urllib3.connectionpool:Starting new HTTP connection (1): dev.virtualearth.net:80
DEBUG:urllib3.connectionpool:http://dev.virtualearth.net:80 "GET /REST/v1/Locations?q=Seattle&o=json&inclnb=1&key=xUBhOh74QkgPNlf6lC97~bvDde5sihSdE87MsCCDcjQ~AlwsrntknIdP0Z_oHgN_oSqy0GiJvz1QlahyjVDjWdlG0zFudMXMPcSpWm5LOJ0O&maxResults=1 HTTP/1.1" 200 None
INFO:geocoder.base:Requested http://dev.virtualearth.net/REST/v1/Locations?q=Seattle&o=json&inclnb=1&key=xUBhOh74QkgPNlf6lC97~bvDde5sihSdE87MsCCDcjQ~AlwsrntknIdP0Z_oHgN_oSqy0GiJvz1QlahyjVDjWdlG0zFudMXMPcSpWm5LOJ0O&maxResults=1
INFO:root:Connection to db successful
DEBUG:urllib3.connectionpool:Starting new HTTP connection (1): dev.virtualearth.net:80
DEBUG:urllib3.connectionpool:http://dev.virtualearth.net:80 "GET /REST/v1/Locations?q=Seattle&o=json&inclnb=1&key=xUBhOh74QkgPNlf6lC97~bvDde5sihSdE87MsCCDcjQ~AlwsrntknIdP0Z_oHgN_oSqy0GiJvz1QlahyjVDjWdlG0zFudMXMPcSpWm5LOJ0O&maxResults=1 HTTP/1.1" 200 None
INFO:geocoder.base:Requested http://dev.virtualearth.net/REST/v1/Locations?q=Seattle&o=json&inclnb=1&key=xUBhOh74QkgPNlf6lC97~bvDde5sihSdE87MsCCDcjQ~AlwsrntknIdP0Z_oHgN_oSqy0GiJvz1QlahyjVDjWdlG0zFudMXMPcSpWm5LOJ0O&maxResults=1
INFO:root:Connection to db successful
DEBUG:urllib3.connectionpool:Starting new HTTP connection (1): dev.virtualearth.net:80
DEBUG:urllib3.connectionpool:http://dev.virtualearth.net:80 "GET /REST/v1/Locations?q=Seattle&o=json&inclnb=1&key=xUBhOh74QkgPNlf6lC97~bvDde5sihSdE87MsCCDcjQ~AlwsrntknIdP0Z_oHgN_oSqy0GiJvz1QlahyjVDjWdlG0zFudMXMPcSpWm5LOJ0O&maxResults=1 HTTP/1.1" 200 None
INFO:geocoder.base:Requested http://dev.virtualearth.net/REST/v1/Locations?q=Seattle&o=json&inclnb=1&key=xUBhOh74QkgPNlf6lC97~bvDde5sihSdE87MsCCDcjQ~AlwsrntknIdP0Z_oHgN_oSqy0GiJvz1QlahyjVDjWdlG0zFudMXMPcSpWm5LOJ0O&maxResults=1
DEBUG:urllib3.connectionpool:Starting new HTTP connection (1): dev.virtualearth.net:80
DEBUG:urllib3.connectionpool:http://dev.virtualearth.net:80 "GET /REST/v1/Locations?q=&o=json&inclnb=1&key=xUBhOh74QkgPNlf6lC97~bvDde5sihSdE87MsCCDcjQ~AlwsrntknIdP0Z_oHgN_oSqy0GiJvz1QlahyjVDjWdlG0zFudMXMPcSpWm5LOJ0O&maxResults=1 HTTP/1.1" 400 None
ERROR:geocoder.base:Status code 400 from http://dev.virtualearth.net/REST/v1/Locations: ERROR - 400 Client Error: Bad Request for url: http://dev.virtualearth.net/REST/v1/Locations?q=&o=json&inclnb=1&key=xUBhOh74QkgPNlf6lC97~bvDde5sihSdE87MsCCDcjQ~AlwsrntknIdP0Z_oHgN_oSqy0GiJvz1QlahyjVDjWdlG0zFudMXMPcSpWm5LOJ0O&maxResults=1
INFO:root:Connection to db successful
DEBUG:urllib3.connectionpool:Starting new HTTP connection (1): dev.virtualearth.net:80
DEBUG:urllib3.connectionpool:http://dev.virtualearth.net:80 "GET /REST/v1/Locations?q=Seattle&o=json&inclnb=1&key=xUBhOh74QkgPNlf6lC97~bvDde5sihSdE87MsCCDcjQ~AlwsrntknIdP0Z_oHgN_oSqy0GiJvz1QlahyjVDjWdlG0zFudMXMPcSpWm5LOJ0O&maxResults=1 HTTP/1.1" 200 None
INFO:geocoder.base:Requested http://dev.virtualearth.net/REST/v1/Locations?q=Seattle&o=json&inclnb=1&key=xUBhOh74QkgPNlf6lC97~bvDde5sihSdE87MsCCDcjQ~AlwsrntknIdP0Z_oHgN_oSqy0GiJvz1QlahyjVDjWdlG0zFudMXMPcSpWm5LOJ0O&maxResults=1
INFO:root:Connection to db successful
DEBUG:urllib3.connectionpool:Starting new HTTP connection (1): dev.virtualearth.net:80
DEBUG:urllib3.connectionpool:http://dev.virtualearth.net:80 "GET /REST/v1/Locations?q=Seattle&o=json&inclnb=1&key=xUBhOh74QkgPNlf6lC97~bvDde5sihSdE87MsCCDcjQ~AlwsrntknIdP0Z_oHgN_oSqy0GiJvz1QlahyjVDjWdlG0zFudMXMPcSpWm5LOJ0O&maxResults=1 HTTP/1.1" 200 None
INFO:geocoder.base:Requested http://dev.virtualearth.net/REST/v1/Locations?q=Seattle&o=json&inclnb=1&key=xUBhOh74QkgPNlf6lC97~bvDde5sihSdE87MsCCDcjQ~AlwsrntknIdP0Z_oHgN_oSqy0GiJvz1QlahyjVDjWdlG0zFudMXMPcSpWm5LOJ0O&maxResults=1
INFO:root:Connection to db successful
DEBUG:urllib3.connectionpool:Starting new HTTP connection (1): dev.virtualearth.net:80
DEBUG:urllib3.connectionpool:http://dev.virtualearth.net:80 "GET /REST/v1/Locations?q=Seattle&o=json&inclnb=1&key=xUBhOh74QkgPNlf6lC97~bvDde5sihSdE87MsCCDcjQ~AlwsrntknIdP0Z_oHgN_oSqy0GiJvz1QlahyjVDjWdlG0zFudMXMPcSpWm5LOJ0O&maxResults=1 HTTP/1.1" 200 None
INFO:geocoder.base:Requested http://dev.virtualearth.net/REST/v1/Locations?q=Seattle&o=json&inclnb=1&key=xUBhOh74QkgPNlf6lC97~bvDde5sihSdE87MsCCDcjQ~AlwsrntknIdP0Z_oHgN_oSqy0GiJvz1QlahyjVDjWdlG0zFudMXMPcSpWm5LOJ0O&maxResults=1
INFO:root:Connection to db successful
DEBUG:urllib3.connectionpool:Starting new HTTP connection (1): dev.virtualearth.net:80
DEBUG:urllib3.connectionpool:http://dev.virtualearth.net:80 "GET /REST/v1/Locations?q=Seattle&o=json&inclnb=1&key=xUBhOh74QkgPNlf6lC97~bvDde5sihSdE87MsCCDcjQ~AlwsrntknIdP0Z_oHgN_oSqy0GiJvz1QlahyjVDjWdlG0zFudMXMPcSpWm5LOJ0O&maxResults=1 HTTP/1.1" 200 None
INFO:geocoder.base:Requested http://dev.virtualearth.net/REST/v1/Locations?q=Seattle&o=json&inclnb=1&key=xUBhOh74QkgPNlf6lC97~bvDde5sihSdE87MsCCDcjQ~AlwsrntknIdP0Z_oHgN_oSqy0GiJvz1QlahyjVDjWdlG0zFudMXMPcSpWm5LOJ0O&maxResults=1
INFO:root:Connection to db successful
DEBUG:urllib3.connectionpool:Starting new HTTP connection (1): dev.virtualearth.net:80
DEBUG:urllib3.connectionpool:http://dev.virtualearth.net:80 "GET /REST/v1/Locations?q=Seattle&o=json&inclnb=1&key=xUBhOh74QkgPNlf6lC97~bvDde5sihSdE87MsCCDcjQ~AlwsrntknIdP0Z_oHgN_oSqy0GiJvz1QlahyjVDjWdlG0zFudMXMPcSpWm5LOJ0O&maxResults=1 HTTP/1.1" 200 None
INFO:geocoder.base:Requested http://dev.virtualearth.net/REST/v1/Locations?q=Seattle&o=json&inclnb=1&key=xUBhOh74QkgPNlf6lC97~bvDde5sihSdE87MsCCDcjQ~AlwsrntknIdP0Z_oHgN_oSqy0GiJvz1QlahyjVDjWdlG0zFudMXMPcSpWm5LOJ0O&maxResults=1
INFO:root:Connection to db successful
DEBUG:urllib3.connectionpool:Starting new HTTP connection (1): dev.virtualearth.net:80
DEBUG:urllib3.connectionpool:http://dev.virtualearth.net:80 "GET /REST/v1/Locations?q=Seattle&o=json&inclnb=1&key=xUBhOh74QkgPNlf6lC97~bvDde5sihSdE87MsCCDcjQ~AlwsrntknIdP0Z_oHgN_oSqy0GiJvz1QlahyjVDjWdlG0zFudMXMPcSpWm5LOJ0O&maxResults=1 HTTP/1.1" 200 None
INFO:geocoder.base:Requested http://dev.virtualearth.net/REST/v1/Locations?q=Seattle&o=json&inclnb=1&key=xUBhOh74QkgPNlf6lC97~bvDde5sihSdE87MsCCDcjQ~AlwsrntknIdP0Z_oHgN_oSqy0GiJvz1QlahyjVDjWdlG0zFudMXMPcSpWm5LOJ0O&maxResults=1
INFO:root:Connection to db successful
DEBUG:urllib3.connectionpool:Starting new HTTP connection (1): dev.virtualearth.net:80
DEBUG:urllib3.connectionpool:http://dev.virtualearth.net:80 "GET /REST/v1/Locations?q=Seattle&o=json&inclnb=1&key=xUBhOh74QkgPNlf6lC97~bvDde5sihSdE87MsCCDcjQ~AlwsrntknIdP0Z_oHgN_oSqy0GiJvz1QlahyjVDjWdlG0zFudMXMPcSpWm5LOJ0O&maxResults=1 HTTP/1.1" 200 None
INFO:geocoder.base:Requested http://dev.virtualearth.net/REST/v1/Locations?q=Seattle&o=json&inclnb=1&key=xUBhOh74QkgPNlf6lC97~bvDde5sihSdE87MsCCDcjQ~AlwsrntknIdP0Z_oHgN_oSqy0GiJvz1QlahyjVDjWdlG0zFudMXMPcSpWm5LOJ0O&maxResults=1
INFO:root:Connection to db successful
DEBUG:urllib3.connectionpool:Starting new HTTP connection (1): dev.virtualearth.net:80
DEBUG:urllib3.connectionpool:http://dev.virtualearth.net:80 "GET /REST/v1/Locations?q=Seattle&o=json&inclnb=1&key=xUBhOh74QkgPNlf6lC97~bvDde5sihSdE87MsCCDcjQ~AlwsrntknIdP0Z_oHgN_oSqy0GiJvz1QlahyjVDjWdlG0zFudMXMPcSpWm5LOJ0O&maxResults=1 HTTP/1.1" 200 None
INFO:geocoder.base:Requested http://dev.virtualearth.net/REST/v1/Locations?q=Seattle&o=json&inclnb=1&key=xUBhOh74QkgPNlf6lC97~bvDde5sihSdE87MsCCDcjQ~AlwsrntknIdP0Z_oHgN_oSqy0GiJvz1QlahyjVDjWdlG0zFudMXMPcSpWm5LOJ0O&maxResults=1
INFO:root:Connection to db successful
DEBUG:urllib3.connectionpool:Starting new HTTP connection (1): dev.virtualearth.net:80
DEBUG:urllib3.connectionpool:http://dev.virtualearth.net:80 "GET /REST/v1/Locations?q=Seattle&o=json&inclnb=1&key=xUBhOh74QkgPNlf6lC97~bvDde5sihSdE87MsCCDcjQ~AlwsrntknIdP0Z_oHgN_oSqy0GiJvz1QlahyjVDjWdlG0zFudMXMPcSpWm5LOJ0O&maxResults=1 HTTP/1.1" 200 None
INFO:geocoder.base:Requested http://dev.virtualearth.net/REST/v1/Locations?q=Seattle&o=json&inclnb=1&key=xUBhOh74QkgPNlf6lC97~bvDde5sihSdE87MsCCDcjQ~AlwsrntknIdP0Z_oHgN_oSqy0GiJvz1QlahyjVDjWdlG0zFudMXMPcSpWm5LOJ0O&maxResults=1
INFO:root:Connection to db successful
DEBUG:urllib3.connectionpool:Starting new HTTP connection (1): dev.virtualearth.net:80
DEBUG:urllib3.connectionpool:http://dev.virtualearth.net:80 "GET /REST/v1/Locations?q=Seattle&o=json&inclnb=1&key=xUBhOh74QkgPNlf6lC97~bvDde5sihSdE87MsCCDcjQ~AlwsrntknIdP0Z_oHgN_oSqy0GiJvz1QlahyjVDjWdlG0zFudMXMPcSpWm5LOJ0O&maxResults=1 HTTP/1.1" 200 None
INFO:geocoder.base:Requested http://dev.virtualearth.net/REST/v1/Locations?q=Seattle&o=json&inclnb=1&key=xUBhOh74QkgPNlf6lC97~bvDde5sihSdE87MsCCDcjQ~AlwsrntknIdP0Z_oHgN_oSqy0GiJvz1QlahyjVDjWdlG0zFudMXMPcSpWm5LOJ0O&maxResults=1
INFO:root:Connection to db successful
DEBUG:urllib3.connectionpool:Starting new HTTP connection (1): dev.virtualearth.net:80
DEBUG:urllib3.connectionpool:http://dev.virtualearth.net:80 "GET /REST/v1/Locations?q=Seattle&o=json&inclnb=1&key=xUBhOh74QkgPNlf6lC97~bvDde5sihSdE87MsCCDcjQ~AlwsrntknIdP0Z_oHgN_oSqy0GiJvz1QlahyjVDjWdlG0zFudMXMPcSpWm5LOJ0O&maxResults=1 HTTP/1.1" 200 None
INFO:geocoder.base:Requested http://dev.virtualearth.net/REST/v1/Locations?q=Seattle&o=json&inclnb=1&key=xUBhOh74QkgPNlf6lC97~bvDde5sihSdE87MsCCDcjQ~AlwsrntknIdP0Z_oHgN_oSqy0GiJvz1QlahyjVDjWdlG0zFudMXMPcSpWm5LOJ0O&maxResults=1
DEBUG:urllib3.connectionpool:Starting new HTTP connection (1): dev.virtualearth.net:80
DEBUG:urllib3.connectionpool:http://dev.virtualearth.net:80 "GET /REST/v1/Locations?q=Seattle&o=json&inclnb=1&key=xUBhOh74QkgPNlf6lC97~bvDde5sihSdE87MsCCDcjQ~AlwsrntknIdP0Z_oHgN_oSqy0GiJvz1QlahyjVDjWdlG0zFudMXMPcSpWm5LOJ0O&maxResults=1 HTTP/1.1" 200 None
INFO:geocoder.base:Requested http://dev.virtualearth.net/REST/v1/Locations?q=Seattle&o=json&inclnb=1&key=xUBhOh74QkgPNlf6lC97~bvDde5sihSdE87MsCCDcjQ~AlwsrntknIdP0Z_oHgN_oSqy0GiJvz1QlahyjVDjWdlG0zFudMXMPcSpWm5LOJ0O&maxResults=1
DEBUG:urllib3.connectionpool:Starting new HTTP connection (1): dev.virtualearth.net:80
DEBUG:urllib3.connectionpool:http://dev.virtualearth.net:80 "GET /REST/v1/Locations?q=Seattle&o=json&inclnb=1&key=xUBhOh74QkgPNlf6lC97~bvDde5sihSdE87MsCCDcjQ~AlwsrntknIdP0Z_oHgN_oSqy0GiJvz1QlahyjVDjWdlG0zFudMXMPcSpWm5LOJ0O&maxResults=1 HTTP/1.1" 200 None
INFO:geocoder.base:Requested http://dev.virtualearth.net/REST/v1/Locations?q=Seattle&o=json&inclnb=1&key=xUBhOh74QkgPNlf6lC97~bvDde5sihSdE87MsCCDcjQ~AlwsrntknIdP0Z_oHgN_oSqy0GiJvz1QlahyjVDjWdlG0zFudMXMPcSpWm5LOJ0O&maxResults=1
DEBUG:urllib3.connectionpool:Starting new HTTP connection (1): dev.virtualearth.net:80
DEBUG:urllib3.connectionpool:http://dev.virtualearth.net:80 "GET /REST/v1/Locations?q=Seattle&o=json&inclnb=1&key=xUBhOh74QkgPNlf6lC97~bvDde5sihSdE87MsCCDcjQ~AlwsrntknIdP0Z_oHgN_oSqy0GiJvz1QlahyjVDjWdlG0zFudMXMPcSpWm5LOJ0O&maxResults=1 HTTP/1.1" 200 None
INFO:geocoder.base:Requested http://dev.virtualearth.net/REST/v1/Locations?q=Seattle&o=json&inclnb=1&key=xUBhOh74QkgPNlf6lC97~bvDde5sihSdE87MsCCDcjQ~AlwsrntknIdP0Z_oHgN_oSqy0GiJvz1QlahyjVDjWdlG0zFudMXMPcSpWm5LOJ0O&maxResults=1
DEBUG:urllib3.connectionpool:Starting new HTTP connection (1): dev.virtualearth.net:80
DEBUG:urllib3.connectionpool:http://dev.virtualearth.net:80 "GET /REST/v1/Locations?q=Seattle&o=json&inclnb=1&key=xUBhOh74QkgPNlf6lC97~bvDde5sihSdE87MsCCDcjQ~AlwsrntknIdP0Z_oHgN_oSqy0GiJvz1QlahyjVDjWdlG0zFudMXMPcSpWm5LOJ0O&maxResults=1 HTTP/1.1" 200 None
INFO:geocoder.base:Requested http://dev.virtualearth.net/REST/v1/Locations?q=Seattle&o=json&inclnb=1&key=xUBhOh74QkgPNlf6lC97~bvDde5sihSdE87MsCCDcjQ~AlwsrntknIdP0Z_oHgN_oSqy0GiJvz1QlahyjVDjWdlG0zFudMXMPcSpWm5LOJ0O&maxResults=1
DEBUG:urllib3.connectionpool:Starting new HTTP connection (1): dev.virtualearth.net:80
DEBUG:urllib3.connectionpool:http://dev.virtualearth.net:80 "GET /REST/v1/Locations?q=Denver&o=json&inclnb=1&key=xUBhOh74QkgPNlf6lC97~bvDde5sihSdE87MsCCDcjQ~AlwsrntknIdP0Z_oHgN_oSqy0GiJvz1QlahyjVDjWdlG0zFudMXMPcSpWm5LOJ0O&maxResults=1 HTTP/1.1" 200 None
INFO:geocoder.base:Requested http://dev.virtualearth.net/REST/v1/Locations?q=Denver&o=json&inclnb=1&key=xUBhOh74QkgPNlf6lC97~bvDde5sihSdE87MsCCDcjQ~AlwsrntknIdP0Z_oHgN_oSqy0GiJvz1QlahyjVDjWdlG0zFudMXMPcSpWm5LOJ0O&maxResults=1
